19:24:05.200 skipping bootstrap configuration: could not find or read file: classpath:karate-config.js
19:24:07.196 request:
1 > GET https://restful-booker.herokuapp.com/ping
1 > Accept-Encoding: gzip,deflate
1 > Connection: Keep-Alive
1 > Host: restful-booker.herokuapp.com
1 > User-Agent: Apache-HttpClient/4.5.12 (Java/1.8.0_241)

19:24:08.501 response time in milliseconds: 1303.53
1 < 201
1 < Connection: keep-alive
1 < Content-Length: 7
1 < Content-Type: text/plain; charset=utf-8
1 < Date: Tue, 16 Feb 2021 13:54:06 GMT
1 < Etag: W/"7-rM9AyJuqT6iOan/xHh+AW+7K/T8"
1 < Server: Cowboy
1 < Via: 1.1 vegur
1 < X-Powered-By: Express
Created

19:24:08.503 [print] Created
19:24:08.509 skipping bootstrap configuration: could not find or read file: classpath:karate-config.js
19:24:08.513 request:
1 > GET https://restful-booker.herokuapp.com/booking
1 > Accept-Encoding: gzip,deflate
1 > Connection: Keep-Alive
1 > Host: restful-booker.herokuapp.com
1 > User-Agent: Apache-HttpClient/4.5.12 (Java/1.8.0_241)

19:24:09.512 response time in milliseconds: 999.31
1 < 200
1 < Connection: keep-alive
1 < Content-Length: 179
1 < Content-Type: application/json; charset=utf-8
1 < Date: Tue, 16 Feb 2021 13:54:07 GMT
1 < Etag: W/"b3-p+EIVyWmZntEr5OcMaXMMBAJOOg"
1 < Server: Cowboy
1 < Via: 1.1 vegur
1 < X-Powered-By: Express
[{"bookingid":4},{"bookingid":9},{"bookingid":6},{"bookingid":2},{"bookingid":1},{"bookingid":11},{"bookingid":5},{"bookingid":7},{"bookingid":3},{"bookingid":10},{"bookingid":8}]

19:24:09.569 [print] [
  {
    "bookingid": 4
  },
  {
    "bookingid": 9
  },
  {
    "bookingid": 6
  },
  {
    "bookingid": 2
  },
  {
    "bookingid": 1
  },
  {
    "bookingid": 11
  },
  {
    "bookingid": 5
  },
  {
    "bookingid": 7
  },
  {
    "bookingid": 3
  },
  {
    "bookingid": 10
  },
  {
    "bookingid": 8
  }
]

_at": "2021-02-16T19:17:45.283+05:30",
    "id": 1643,
    "email": "testerSoftware@udzial.com",
    "status": "Active"
  },
  "meta": null
}

ode, actual: 422, expected: 201, reason: not equal (Integer)
l (Integer)
> Content-Type: application/json; charset=UTF-8
1 > Host: gorest.co.in
1 > User-Agent: Apache-HttpClient/4.5.12 (Java/1.8.0_241)
{"email":"tester33@udzial.com","name":"gaurav khurana","status":"Active","gender":"Male"}

18:48:21.276 response time in milliseconds: 401.68
1 < 200
1 < Cache-Control: max-age=0, private, must-revalidate
1 < Connection: keep-alive
1 < Content-Type: application/json; charset=utf-8
1 < Date: Tue, 16 Feb 2021 13:18:19 GMT
1 < ETag: W/"c449a15232e402aaacaed9f43dd2e742"
1 < Expect-CT: enforce; max-age=3600
1 < Referrer-Policy: strict-origin-when-cross-origin
1 < Server: nginx
1 < Strict-Transport-Security: max-age=31536000; includeSubDomains
1 < Transfer-Encoding: chunked
1 < Vary: [Accept-Encoding, Origin]
1 < X-Content-Type-Options: nosniff
1 < X-Download-Options: noopen
1 < X-Frame-Options: [SAMEORIGIN, sameorigin]
1 < X-Permitted-Cross-Domain-Policies: none
1 < X-Request-Id: 6f33e92a-546b-4a94-9265-409e9ac62947
1 < X-Runtime: 0.011041
1 < X-XSS-Protection: 1; mode=block
{"code":422,"meta":null,"data":[{"field":"email","message":"has already been taken"}]}

18:48:21.277 [print] {
  "code": 422,
  "data": [
    {
      "field": "email",
      "message": "has already been taken"
    }
  ],
  "meta": null
}

18:48:21.278 assertion failed: path: $.code, actual: 422, expected: 201, reason: not equal (Integer)
name":"gaurav khurana","email":"tester33@udzial.com","gender":"Male","status":"Active","created_at":"2021-02-16T18:47:20.689+05:30","updated_at":"2021-02-16T18:47:20.689+05:30"}}

18:47:22.451 [print] {
  "code": 201,
  "data": {
    "gender": "Male",
    "updated_at": "2021-02-16T18:47:20.689+05:30",
    "name": "gaurav khurana",
    "created_at": "2021-02-16T18:47:20.689+05:30",
    "id": 1633,
    "email": "tester33@udzial.com",
    "status": "Active"
  },
  "meta": null
}

