19:25:08.600 skipping bootstrap configuration: could not find or read file: classpath:karate-config.js
19:25:10.656 request:
1 > GET https://restful-booker.herokuapp.com/ping
1 > Accept-Encoding: gzip,deflate
1 > Connection: Keep-Alive
1 > Host: restful-booker.herokuapp.com
1 > User-Agent: Apache-HttpClient/4.5.12 (Java/1.8.0_241)

19:25:11.899 response time in milliseconds: 1241.70
1 < 201
1 < Connection: keep-alive
1 < Content-Length: 7
1 < Content-Type: text/plain; charset=utf-8
1 < Date: Tue, 16 Feb 2021 13:55:10 GMT
1 < Etag: W/"7-rM9AyJuqT6iOan/xHh+AW+7K/T8"
1 < Server: Cowboy
1 < Via: 1.1 vegur
1 < X-Powered-By: Express
Created

19:25:11.900 [print] Created
19:25:11.906 skipping bootstrap configuration: could not find or read file: classpath:karate-config.js
19:25:11.910 request:
1 > GET https://restful-booker.herokuapp.com/booking
1 > Accept-Encoding: gzip,deflate
1 > Connection: Keep-Alive
1 > Host: restful-booker.herokuapp.com
1 > User-Agent: Apache-HttpClient/4.5.12 (Java/1.8.0_241)

19:25:12.933 response time in milliseconds: 1023.34
1 < 200
1 < Connection: keep-alive
1 < Content-Length: 196
1 < Content-Type: application/json; charset=utf-8
1 < Date: Tue, 16 Feb 2021 13:55:11 GMT
1 < Etag: W/"c4-8q4NUKco/Jlf1FTcwbVrX8mKE4I"
1 < Server: Cowboy
1 < Via: 1.1 vegur
1 < X-Powered-By: Express
[{"bookingid":4},{"bookingid":9},{"bookingid":6},{"bookingid":2},{"bookingid":1},{"bookingid":11},{"bookingid":12},{"bookingid":5},{"bookingid":7},{"bookingid":3},{"bookingid":10},{"bookingid":8}]

19:25:12.980 [print] [
  {
    "bookingid": 4
  },
  {
    "bookingid": 9
  },
  {
    "bookingid": 6
  },
  {
    "bookingid": 2
  },
  {
    "bookingid": 1
  },
  {
    "bookingid": 11
  },
  {
    "bookingid": 12
  },
  {
    "bookingid": 5
  },
  {
    "bookingid": 7
  },
  {
    "bookingid": 3
  },
  {
    "bookingid": 10
  },
  {
    "bookingid": 8
  }
]

19:25:13.034 skipping bootstrap configuration: could not find or read file: classpath:karate-config.js
19:25:13.040 request:
1 > GET https://postman-echo.com/get
1 > Accept-Encoding: gzip,deflate
1 > Connection: Keep-Alive
1 > Host: postman-echo.com
1 > User-Agent: Apache-HttpClient/4.5.12 (Java/1.8.0_241)

19:25:14.022 response time in milliseconds: 980.48
1 < 200
1 < Connection: keep-alive
1 < Content-Length: 290
1 < Content-Type: application/json; charset=utf-8
1 < Date: Tue, 16 Feb 2021 13:55:12 GMT
1 < ETag: W/"122-IE4fQMlVpDI/1cEjNaGeLwQWBXs"
1 < Vary: Accept-Encoding
1 < set-cookie: sails.sid=s%3A1otBsahxjThNE_a_sV5uM8ZZdXBbdKhZ.7s%2BOUzA80yoXp%2BKy30Rd%2Bb5UgXfKIjp9Fi4hAZ0Uw%2F8; Path=/; HttpOnly
{"args":{},"headers":{"x-forwarded-proto":"https","x-forwarded-port":"443","host":"postman-echo.com","x-amzn-trace-id":"Root=1-602bcec0-0533aecd71dbe6c30bfce7d9","user-agent":"Apache-HttpClient/4.5.12 (Java/1.8.0_241)","accept-encoding":"gzip,deflate"},"url":"https://postman-echo.com/get"}

19:25:14.023 [print] {
  "args": {
  },
  "headers": {
    "x-amzn-trace-id": "Root=1-602bcec0-0533aecd71dbe6c30bfce7d9",
    "x-forwarded-proto": "https",
    "host": "postman-echo.com",
    "x-forwarded-port": "443",
    "accept-encoding": "gzip,deflate",
    "user-agent": "Apache-HttpClient/4.5.12 (Java/1.8.0_241)"
  },
  "url": "https://postman-echo.com/get"
}

19:25:14.039 [print]
19:25:14.042 [print] postman-echo.com
19:25:14.047 [print] https://postman-echo.com/get
19:25:14.053 assertion failed: path: $.headers.x-forwarded-proto, actual: 'https', expected: 'https20', reason: not equal
19:25:14.083 skipping bootstrap configuration: could not find or read file: classpath:karate-config.js
19:25:14.104 request:
1 > GET https://gorest.co.in/public-api/users/13
1 > Accept-Encoding: gzip,deflate
1 > Connection: Keep-Alive
1 > Host: gorest.co.in
1 > User-Agent: Apache-HttpClient/4.5.12 (Java/1.8.0_241)

19:25:14.450 response time in milliseconds: 345.76
1 < 200
1 < Cache-Control: max-age=0, private, must-revalidate
1 < Connection: keep-alive
1 < Content-Type: application/json; charset=utf-8
1 < Date: Tue, 16 Feb 2021 13:55:12 GMT
1 < ETag: W/"b654e1cd0d3be5d471e57be8f71a8543"
1 < Expect-CT: enforce; max-age=3600
1 < Referrer-Policy: strict-origin-when-cross-origin
1 < Server: nginx
1 < Strict-Transport-Security: max-age=31536000; includeSubDomains
1 < Transfer-Encoding: chunked
1 < Vary: [Accept-Encoding, Origin]
1 < X-Content-Type-Options: nosniff
1 < X-Download-Options: noopen
1 < X-Frame-Options: [SAMEORIGIN, sameorigin]
1 < X-Permitted-Cross-Domain-Policies: none
1 < X-Request-Id: 9ca365e6-449e-463e-ad96-3867c29553dd
1 < X-Runtime: 0.002455
1 < X-XSS-Protection: 1; mode=block
{"code":404,"meta":null,"data":{"message":"Resource not found"}}

19:25:14.451 [print] {
  "code": 404,
  "data": {
    "message": "Resource not found"
  },
  "meta": null
}

19:25:14.451 assertion failed: path: $.data.email, actual: null, expected: 'arora_i_varalakshmi@abernathy-ledner.org', reason: actual json-path does not exist
19:25:14.469 skipping bootstrap configuration: could not find or read file: classpath:karate-config.js
19:25:14.482 request:
1 > POST https://gorest.co.in/public-api/users/
1 > Accept-Encoding: gzip,deflate
1 > Authorization: Bearer ce8cd7b94a069f5ac4e7fcc48c946353926a69c47b4b7126db66d31791335787
1 > Connection: Keep-Alive
1 > Content-Length: 88
1 > Content-Type: application/json; charset=UTF-8
1 > Host: gorest.co.in
1 > User-Agent: Apache-HttpClient/4.5.12 (Java/1.8.0_241)
{"email":"tester3@udzial.com","name":"gaurav khurana","status":"Active","gender":"Male"}

19:25:14.829 response time in milliseconds: 345.42
1 < 200
1 < Cache-Control: max-age=0, private, must-revalidate
1 < Connection: keep-alive
1 < Content-Type: application/json; charset=utf-8
1 < Date: Tue, 16 Feb 2021 13:55:13 GMT
1 < ETag: W/"c449a15232e402aaacaed9f43dd2e742"
1 < Expect-CT: enforce; max-age=3600
1 < Referrer-Policy: strict-origin-when-cross-origin
1 < Server: nginx
1 < Strict-Transport-Security: max-age=31536000; includeSubDomains
1 < Transfer-Encoding: chunked
1 < Vary: [Accept-Encoding, Origin]
1 < X-Content-Type-Options: nosniff
1 < X-Download-Options: noopen
1 < X-Frame-Options: [SAMEORIGIN, sameorigin]
1 < X-Permitted-Cross-Domain-Policies: none
1 < X-Request-Id: 330bfc59-be3b-4b72-9f15-e640f7d86c24
1 < X-Runtime: 0.012396
1 < X-XSS-Protection: 1; mode=block
{"code":422,"meta":null,"data":[{"field":"email","message":"has already been taken"}]}

19:25:14.830 [print] {
  "code": 422,
  "data": [
    {
      "field": "email",
      "message": "has already been taken"
    }
  ],
  "meta": null
}

19:25:14.834 assertion failed: path: $.code, actual: 422, expected: 201, reason: not equal (Integer)
19:25:14.848 skipping bootstrap configuration: could not find or read file: classpath:karate-config.js
19:25:15.210 request:
1 > POST https://gorest.co.in/public-api/users/
1 > Accept-Encoding: gzip,deflate
1 > Authorization: Bearer ce8cd7b94a069f5ac4e7fcc48c946353926a69c47b4b7126db66d31791335787
1 > Connection: Keep-Alive
1 > Content-Length: 89
1 > Content-Type: application/json; charset=UTF-8
1 > Host: gorest.co.in
1 > User-Agent: Apache-HttpClient/4.5.12 (Java/1.8.0_241)
{"email":"tester33@udzial.com","name":"gaurav khurana","status":"Active","gender":"Male"}

19:25:15.542 response time in milliseconds: 331.44
1 < 200
1 < Cache-Control: max-age=0, private, must-revalidate
1 < Connection: keep-alive
1 < Content-Type: application/json; charset=utf-8
1 < Date: Tue, 16 Feb 2021 13:55:13 GMT
1 < ETag: W/"c449a15232e402aaacaed9f43dd2e742"
1 < Expect-CT: enforce; max-age=3600
1 < Referrer-Policy: strict-origin-when-cross-origin
1 < Server: nginx
1 < Strict-Transport-Security: max-age=31536000; includeSubDomains
1 < Transfer-Encoding: chunked
1 < Vary: [Accept-Encoding, Origin]
1 < X-Content-Type-Options: nosniff
1 < X-Download-Options: noopen
1 < X-Frame-Options: [SAMEORIGIN, sameorigin]
1 < X-Permitted-Cross-Domain-Policies: none
1 < X-Request-Id: 8d789e41-b5e7-4044-b7c1-3dbf60ffd740
1 < X-Runtime: 0.010892
1 < X-XSS-Protection: 1; mode=block
{"code":422,"meta":null,"data":[{"field":"email","message":"has already been taken"}]}

19:25:15.543 [print] {
  "code": 422,
  "data": [
    {
      "field": "email",
      "message": "has already been taken"
    }
  ],
  "meta": null
}

19:25:15.544 assertion failed: path: $.code, actual: 422, expected: 201, reason: not equal (Integer)
19:25:15.551 skipping bootstrap configuration: could not find or read file: classpath:karate-config.js
19:25:15.597 request:
1 > POST https://gorest.co.in/public-api/users/
1 > Accept-Encoding: gzip,deflate
1 > Authorization: Bearer ce8cd7b94a069f5ac4e7fcc48c946353926a69c47b4b7126db66d31791335787
1 > Connection: Keep-Alive
1 > Content-Length: 100
1 > Content-Type: application/json; charset=UTF-8
1 > Host: gorest.co.in
1 > User-Agent: Apache-HttpClient/4.5.12 (Java/1.8.0_241)
{"email":"testerSoftware@udzial.com","name":"Samriddhi khurana","status":"Active","gender":"Female"}

19:25:15.950 response time in milliseconds: 352.60
1 < 200
1 < Cache-Control: max-age=0, private, must-revalidate
1 < Connection: keep-alive
1 < Content-Type: application/json; charset=utf-8
1 < Date: Tue, 16 Feb 2021 13:55:14 GMT
1 < ETag: W/"c449a15232e402aaacaed9f43dd2e742"
1 < Expect-CT: enforce; max-age=3600
1 < Referrer-Policy: strict-origin-when-cross-origin
1 < Server: nginx
1 < Strict-Transport-Security: max-age=31536000; includeSubDomains
1 < Transfer-Encoding: chunked
1 < Vary: [Accept-Encoding, Origin]
1 < X-Content-Type-Options: nosniff
1 < X-Download-Options: noopen
1 < X-Frame-Options: [SAMEORIGIN, sameorigin]
1 < X-Permitted-Cross-Domain-Policies: none
1 < X-Request-Id: f7c4dff9-272d-46ff-bb98-030b1c4da6bc
1 < X-Runtime: 0.009276
1 < X-XSS-Protection: 1; mode=block
{"code":422,"meta":null,"data":[{"field":"email","message":"has already been taken"}]}

19:25:15.951 [print] {
  "code": 422,
  "data": [
    {
      "field": "email",
      "message": "has already been taken"
    }
  ],
  "meta": null
}

19:25:15.952 assertion failed: path: $.code, actual: 422, expected: 201, reason: not equal (Integer)
19:25:15.989 skipping bootstrap configuration: could not find or read file: classpath:karate-config.js
19:25:15.992 request:
1 > POST https://gorest.co.in/public-api/users/
1 > Accept-Encoding: gzip,deflate
1 > Authorization: Bearer ce8cd7b94a069f5ac4e7fcc48c946353926a69c47b4b7126db66d31791335787
1 > Connection: Keep-Alive
1 > Content-Length: 98
1 > Content-Type: application/json; charset=UTF-8
1 > Host: gorest.co.in
1 > User-Agent: Apache-HttpClient/4.5.12 (Java/1.8.0_241)
{"email":"ggauraaaavkhuraana@yahoo.com","name":"gaurav khurana","status":"Active","gender":"Male"}

19:25:16.356 response time in milliseconds: 362.74
1 < 200
1 < Cache-Control: max-age=0, private, must-revalidate
1 < Connection: keep-alive
1 < Content-Type: application/json; charset=utf-8
1 < Date: Tue, 16 Feb 2021 13:55:14 GMT
1 < ETag: W/"c449a15232e402aaacaed9f43dd2e742"
1 < Expect-CT: enforce; max-age=3600
1 < Referrer-Policy: strict-origin-when-cross-origin
1 < Server: nginx
1 < Strict-Transport-Security: max-age=31536000; includeSubDomains
1 < Transfer-Encoding: chunked
1 < Vary: [Accept-Encoding, Origin]
1 < X-Content-Type-Options: nosniff
1 < X-Download-Options: noopen
1 < X-Frame-Options: [SAMEORIGIN, sameorigin]
1 < X-Permitted-Cross-Domain-Policies: none
1 < X-Request-Id: df4eac2f-6c5c-455e-930b-3f23514059c1
1 < X-Runtime: 0.011024
1 < X-XSS-Protection: 1; mode=block
{"code":422,"meta":null,"data":[{"field":"email","message":"has already been taken"}]}

19:25:16.357 [print] {
  "code": 422,
  "data": [
    {
      "field": "email",
      "message": "has already been taken"
    }
  ],
  "meta": null
}

19:25:16.368 [print] 
19:25:16.375 [print] 422
19:25:16.376 assertion failed: path: $.code, actual: 422, expected: 201, reason: not equal (Integer)
